TN:
SF:src/index.ts
FN:16,(anonymous_7)
FN:22,(anonymous_8)
FN:29,(anonymous_9)
FN:33,(anonymous_11)
FNF:4
FNH:0
FNDA:0,(anonymous_7)
FNDA:0,(anonymous_8)
FNDA:0,(anonymous_9)
FNDA:0,(anonymous_11)
DA:1,0
DA:2,0
DA:3,0
DA:4,0
DA:5,0
DA:6,0
DA:8,0
DA:9,0
DA:10,0
DA:17,0
DA:18,0
DA:22,0
DA:25,0
DA:26,0
DA:30,0
DA:34,0
DA:35,0
DA:36,0
DA:38,0
DA:42,0
LF:20
LH:0
BRF:0
BRH:0
end_of_record
TN:
SF:src/resolvers.ts
FN:17,(anonymous_7)
FN:17,(anonymous_8)
FN:26,(anonymous_9)
FN:26,(anonymous_10)
FN:43,(anonymous_11)
FN:43,(anonymous_12)
FNF:6
FNH:4
FNDA:0,(anonymous_7)
FNDA:0,(anonymous_8)
FNDA:1,(anonymous_9)
FNDA:1,(anonymous_10)
FNDA:1,(anonymous_11)
FNDA:1,(anonymous_12)
DA:2,1
DA:3,1
DA:5,1
DA:6,1
DA:15,1
DA:17,0
DA:18,0
DA:19,0
DA:22,0
DA:26,1
DA:28,1
DA:30,1
DA:31,1
DA:34,0
DA:36,0
DA:41,0
DA:43,1
DA:44,1
DA:46,1
DA:47,0
DA:50,1
DA:52,1
DA:53,1
DA:56,0
DA:60,0
DA:64,0
LF:26
LH:15
BRDA:18,0,0,0
BRDA:18,0,1,0
BRDA:30,1,0,1
BRDA:30,1,1,0
BRDA:46,2,0,0
BRDA:46,2,1,1
BRDA:52,3,0,1
BRDA:52,3,1,0
BRF:8
BRH:3
end_of_record
TN:
SF:src/server.ts
FN:3,(anonymous_0)
FNF:1
FNH:0
FNDA:0,(anonymous_0)
DA:1,0
DA:3,0
DA:4,0
LF:3
LH:0
BRF:0
BRH:0
end_of_record
TN:
SF:src/typeDefs.ts
FNF:0
FNH:0
DA:1,1
DA:3,1
LF:2
LH:2
BRF:0
BRH:0
end_of_record
TN:
SF:src/config/auth.ts
FNF:0
FNH:0
DA:1,1
DA:2,1
DA:3,1
LF:3
LH:3
BRF:0
BRH:0
end_of_record
TN:
SF:src/entity/User.ts
FNF:0
FNH:0
DA:1,1
DA:4,1
DA:6,1
DA:9,1
DA:12,1
DA:15,1
LF:6
LH:6
BRF:0
BRH:0
end_of_record
TN:
SF:src/middlewares/auth.ts
FN:4,(anonymous_7)
FN:4,(anonymous_8)
FNF:2
FNH:0
FNDA:0,(anonymous_7)
FNDA:0,(anonymous_8)
DA:1,0
DA:2,0
DA:4,0
DA:5,0
DA:6,0
DA:8,0
DA:9,0
DA:10,0
DA:13,0
DA:16,0
LF:10
LH:0
BRF:0
BRH:0
end_of_record
